#
# There is insufficient memory for the Java Runtime Environment to continue.
# Native memory allocation (mmap) failed to map 55574528 bytes for G1 virtual space
# Possible reasons:
#   The system is out of physical RAM or swap space
#   The process is running with CompressedOops enabled, and the Java Heap may be blocking the growth of the native heap
# Possible solutions:
#   Reduce memory load on the system
#   Increase physical memory or swap space
#   Check if swap backing store is full
#   Decrease Java heap size (-Xmx/-Xms)
#   Decrease number of Java threads
#   Decrease Java thread stack sizes (-Xss)
#   Set larger code cache with -XX:ReservedCodeCacheSize=
#   JVM is running with Unscaled Compressed Oops mode in which the Java heap is
#     placed in the first 4GB address space. The Java Heap base address is the
#     maximum limit for the native heap growth. Please use -XX:HeapBaseMinAddress
#     to set the Java Heap base and to place the Java Heap above 4GB virtual address.
# This output file may be truncated or incomplete.
#
#  Out of Memory Error (os_windows.cpp:3548), pid=20124, tid=16228
#
# JRE version: Java(TM) SE Runtime Environment (17.0.12+8) (build 17.0.12+8-LTS-286)
# Java VM: Java HotSpot(TM) 64-Bit Server VM (17.0.12+8-LTS-286, mixed mode, emulated-client, sharing, tiered, compressed oops, compressed class ptrs, g1 gc, windows-amd64)
# No core dump will be written. Minidumps are not enabled by default on client versions of Windows
#

---------------  S U M M A R Y ------------

Command Line: -XX:TieredStopAtLevel=1 -Dfile.encoding=windows-1252 -Duser.country=CO -Duser.language=es -Duser.variant co.edu.uniajc.AgendaSalonEventos.AgendaSalonEventosApplicationKt

Host: Intel(R) Core(TM) i3-10110U CPU @ 2.10GHz, 4 cores, 3G,  Windows 10 , 64 bit Build 19041 (10.0.19041.5915)
Time: Sat Sep 20 22:35:52 2025 Hora est. Pacífico, Sudamérica elapsed time: 5.327072 seconds (0d 0h 0m 5s)

---------------  T H R E A D  ---------------

Current thread (0x0000027d9e41e5f0):  VMThread "VM Thread" [stack: 0x0000009071700000,0x0000009071800000] [id=16228]

Stack: [0x0000009071700000,0x0000009071800000]
Native frames: (J=compiled Java code, j=interpreted, Vv=VM code, C=native code)
V  [jvm.dll+0x67a04a]
V  [jvm.dll+0x7da4ed]
V  [jvm.dll+0x7dbe33]
V  [jvm.dll+0x7dc4a3]
V  [jvm.dll+0x24508f]
V  [jvm.dll+0x677089]
V  [jvm.dll+0x66bd32]
V  [jvm.dll+0x301fa6]
V  [jvm.dll+0x309546]
V  [jvm.dll+0x359d2e]
V  [jvm.dll+0x359f5f]
V  [jvm.dll+0x2d9078]
V  [jvm.dll+0x2d74ad]
V  [jvm.dll+0x2d6afc]
V  [jvm.dll+0x31a65b]
V  [jvm.dll+0x7e0d9b]
V  [jvm.dll+0x7e1ad4]
V  [jvm.dll+0x7e1fed]
V  [jvm.dll+0x7e23c4]
V  [jvm.dll+0x7e2490]
V  [jvm.dll+0x78abea]
V  [jvm.dll+0x678f35]
C  [ucrtbase.dll+0x21bb2]
C  [KERNEL32.DLL+0x17374]
C  [ntdll.dll+0x4cc91]

VM_Operation (0x00000090711fda10): G1CollectForAllocation, mode: safepoint, requested by thread 0x0000027d9e369aa0


---------------  P R O C E S S  ---------------

Threads class SMR info:
_java_thread_list=0x0000027df4080480, length=12, elements={
0x0000027d9e369aa0, 0x0000027d9e426180, 0x0000027d9e4272c0, 0x0000027dad32b2c0,
0x0000027dad32b7a0, 0x0000027dad32bc80, 0x0000027dad32cf10, 0x0000027dad335410,
0x0000027dad358a70, 0x0000027dad56d470, 0x0000027dad574dd0, 0x0000027df4127300
}

Java Threads: ( => current thread )
  0x0000027d9e369aa0 JavaThread "main" [_thread_blocked, id=8476, stack(0x0000009071100000,0x0000009071200000)]
  0x0000027d9e426180 JavaThread "Reference Handler" daemon [_thread_blocked, id=3400, stack(0x0000009071800000,0x0000009071900000)]
  0x0000027d9e4272c0 JavaThread "Finalizer" daemon [_thread_blocked, id=12336, stack(0x0000009071900000,0x0000009071a00000)]
  0x0000027dad32b2c0 JavaThread "Signal Dispatcher" daemon [_thread_blocked, id=17948, stack(0x0000009071a00000,0x0000009071b00000)]
  0x0000027dad32b7a0 JavaThread "Attach Listener" daemon [_thread_blocked, id=18156, stack(0x0000009071b00000,0x0000009071c00000)]
  0x0000027dad32bc80 JavaThread "Service Thread" daemon [_thread_blocked, id=13248, stack(0x0000009071c00000,0x0000009071d00000)]
  0x0000027dad32cf10 JavaThread "Monitor Deflation Thread" daemon [_thread_blocked, id=15452, stack(0x0000009071d00000,0x0000009071e00000)]
  0x0000027dad335410 JavaThread "C1 CompilerThread0" daemon [_thread_blocked, id=736, stack(0x0000009071e00000,0x0000009071f00000)]
  0x0000027dad358a70 JavaThread "Sweeper thread" daemon [_thread_blocked, id=13512, stack(0x0000009071f00000,0x0000009072000000)]
  0x0000027dad56d470 JavaThread "Notification Thread" daemon [_thread_blocked, id=5796, stack(0x0000009072000000,0x0000009072100000)]
  0x0000027dad574dd0 JavaThread "Common-Cleaner" daemon [_thread_blocked, id=11396, stack(0x0000009072200000,0x0000009072300000)]
  0x0000027df4127300 JavaThread "C1 CompilerThread1" daemon [_thread_blocked, id=5304, stack(0x0000009072600000,0x0000009072700000)]

Other Threads:
=>0x0000027d9e41e5f0 VMThread "VM Thread" [stack: 0x0000009071700000,0x0000009071800000] [id=16228]
  0x0000027dad572980 WatcherThread [stack: 0x0000009072100000,0x0000009072200000] [id=17568]
  0x0000027d9e3a4980 GCTaskThread "GC Thread#0" [stack: 0x0000009071200000,0x0000009071300000] [id=19588]
  0x0000027df32c7060 GCTaskThread "GC Thread#1" [stack: 0x0000009072300000,0x0000009072400000] [id=9348]
  0x0000027df32cf900 GCTaskThread "GC Thread#2" [stack: 0x0000009072400000,0x0000009072500000] [id=2948]
  0x0000027df32d3400 GCTaskThread "GC Thread#3" [stack: 0x0000009072500000,0x0000009072600000] [id=14692]
  0x0000027d9e3ae270 ConcurrentGCThread "G1 Main Marker" [stack: 0x0000009071300000,0x0000009071400000] [id=2204]
  0x0000027d9e3aeb90 ConcurrentGCThread "G1 Conc#0" [stack: 0x0000009071400000,0x0000009071500000] [id=20344]
  0x0000027d9e3ed530 ConcurrentGCThread "G1 Refine#0" [stack: 0x0000009071500000,0x0000009071600000] [id=4848]
  0x0000027d9e3efa90 ConcurrentGCThread "G1 Service" [stack: 0x0000009071600000,0x0000009071700000] [id=16872]

Threads with active compile tasks:

VM state: at safepoint (normal execution)

VM Mutex/Monitor currently owned by a thread:  ([mutex/lock_event])
[0x0000027d9e364bc0] Threads_lock - owner thread: 0x0000027d9e41e5f0
[0x0000027d9e363ff0] Heap_lock - owner thread: 0x0000027d9e369aa0

Heap address: 0x00000000c2c00000, size: 980 MB, Compressed Oops mode: 32-bit

CDS archive(s) mapped at: [0x0000027dae000000-0x0000027daebd0000-0x0000027daebd0000), size 12386304, SharedBaseAddress: 0x0000027dae000000, ArchiveRelocationMode: 1.
Compressed class space mapped at: 0x0000027daf000000-0x0000027def000000, reserved size: 1073741824
Narrow klass base: 0x0000027dae000000, Narrow klass shift: 0, Narrow klass range: 0x100000000

GC Precious Log:
 CPUs: 4 total, 4 available
 Memory: 3919M
 Large Page Support: Disabled
 NUMA Support: Disabled
 Compressed Oops: Enabled (32-bit)
 Heap Region Size: 1M
 Heap Min Capacity: 8M
 Heap Initial Capacity: 62M
 Heap Max Capacity: 980M
 Pre-touch: Disabled
 Parallel Workers: 4
 Concurrent Workers: 1
 Concurrent Refinement Workers: 4
 Periodic GC: Disabled

Heap:
 garbage-first heap   total 63488K, used 21763K [0x00000000c2c00000, 0x0000000100000000)
  region size 1024K, 3 young (3072K), 3 survivors (3072K)
 Metaspace       used 32012K, committed 32448K, reserved 1114112K
  class space    used 4347K, committed 4544K, reserved 1048576K

Heap Regions: E=young(eden), S=young(survivor), O=old, HS=humongous(starts), HC=humongous(continues), CS=collection set, F=free, OA=open archive, CA=closed archive, TAMS=top-at-mark-start (previous, next)
|   0|0x00000000c2c00000, 0x00000000c2d00000, 0x00000000c2d00000|100%|HS|  |TAMS 0x00000000c2d00000, 0x00000000c2c00000| Complete 
|   1|0x00000000c2d00000, 0x00000000c2e00000, 0x00000000c2e00000|100%|HS|  |TAMS 0x00000000c2e00000, 0x00000000c2d00000| Complete 
|   2|0x00000000c2e00000, 0x00000000c2f00000, 0x00000000c2f00000|100%| O|  |TAMS 0x00000000c2f00000, 0x00000000c2e00000| Untracked 
|   3|0x00000000c2f00000, 0x00000000c3000000, 0x00000000c3000000|100%| O|  |TAMS 0x00000000c3000000, 0x00000000c2f00000| Untracked 
|   4|0x00000000c3000000, 0x00000000c3100000, 0x00000000c3100000|100%| O|  |TAMS 0x00000000c3100000, 0x00000000c3000000| Untracked 
|   5|0x00000000c3100000, 0x00000000c3200000, 0x00000000c3200000|100%| O|  |TAMS 0x00000000c3200000, 0x00000000c3100000| Untracked 
|   6|0x00000000c3200000, 0x00000000c3300000, 0x00000000c3300000|100%| O|  |TAMS 0x00000000c3300000, 0x00000000c3200000| Untracked 
|   7|0x00000000c3300000, 0x00000000c3400000, 0x00000000c3400000|100%| O|  |TAMS 0x00000000c3400000, 0x00000000c3300000| Untracked 
|   8|0x00000000c3400000, 0x00000000c3400000, 0x00000000c3500000|  0%| F|  |TAMS 0x00000000c3400000, 0x00000000c3400000| Untracked 
|   9|0x00000000c3500000, 0x00000000c3600000, 0x00000000c3600000|100%| O|  |TAMS 0x00000000c3600000, 0x00000000c3500000| Untracked 
|  10|0x00000000c3600000, 0x00000000c3700000, 0x00000000c3700000|100%| O|  |TAMS 0x00000000c3700000, 0x00000000c3600000| Untracked 
|  11|0x00000000c3700000, 0x00000000c3800000, 0x00000000c3800000|100%| O|  |TAMS 0x00000000c3700000, 0x00000000c3700000| Untracked 
|  12|0x00000000c3800000, 0x00000000c3900000, 0x00000000c3900000|100%| O|  |TAMS 0x00000000c3800000, 0x00000000c3800000| Untracked 
|  13|0x00000000c3900000, 0x00000000c3a00000, 0x00000000c3a00000|100%| O|  |TAMS 0x00000000c3900000, 0x00000000c3900000| Untracked 
|  14|0x00000000c3a00000, 0x00000000c3b00000, 0x00000000c3b00000|100%| O|  |TAMS 0x00000000c3a00000, 0x00000000c3a00000| Untracked 
|  15|0x00000000c3b00000, 0x00000000c3c00000, 0x00000000c3c00000|100%| O|  |TAMS 0x00000000c3b00000, 0x00000000c3b00000| Untracked 
|  16|0x00000000c3c00000, 0x00000000c3d00000, 0x00000000c3d00000|100%| O|  |TAMS 0x00000000c3c00000, 0x00000000c3c00000| Untracked 
|  17|0x00000000c3d00000, 0x00000000c3e00000, 0x00000000c3e00000|100%| O|  |TAMS 0x00000000c3d00000, 0x00000000c3d00000| Untracked 
|  18|0x00000000c3e00000, 0x00000000c3f00000, 0x00000000c3f00000|100%| O|  |TAMS 0x00000000c3e00000, 0x00000000c3e00000| Untracked 
|  19|0x00000000c3f00000, 0x00000000c3fa6800, 0x00000000c4000000| 65%| O|  |TAMS 0x00000000c3f00000, 0x00000000c3f00000| Untracked 
|  20|0x00000000c4000000, 0x00000000c4000000, 0x00000000c4100000|  0%| F|  |TAMS 0x00000000c4000000, 0x00000000c4000000| Untracked 
|  21|0x00000000c4100000, 0x00000000c4100000, 0x00000000c4200000|  0%| F|  |TAMS 0x00000000c4100000, 0x00000000c4100000| Untracked 
|  22|0x00000000c4200000, 0x00000000c4200000, 0x00000000c4300000|  0%| F|  |TAMS 0x00000000c4200000, 0x00000000c4200000| Untracked 
|  23|0x00000000c4300000, 0x00000000c4300000, 0x00000000c4400000|  0%| F|  |TAMS 0x00000000c4300000, 0x00000000c4300000| Untracked 
|  24|0x00000000c4400000, 0x00000000c4400000, 0x00000000c4500000|  0%| F|  |TAMS 0x00000000c4400000, 0x00000000c4400000| Untracked 
|  25|0x00000000c4500000, 0x00000000c4500000, 0x00000000c4600000|  0%| F|  |TAMS 0x00000000c4500000, 0x00000000c4500000| Untracked 
|  26|0x00000000c4600000, 0x00000000c4600000, 0x00000000c4700000|  0%| F|  |TAMS 0x00000000c4600000, 0x00000000c4600000| Untracked 
|  27|0x00000000c4700000, 0x00000000c4700000, 0x00000000c4800000|  0%| F|  |TAMS 0x00000000c4700000, 0x00000000c4700000| Untracked 
|  28|0x00000000c4800000, 0x00000000c4800000, 0x00000000c4900000|  0%| F|  |TAMS 0x00000000c4800000, 0x00000000c4800000| Untracked 
|  29|0x00000000c4900000, 0x00000000c499a680, 0x00000000c4a00000| 60%| S|CS|TAMS 0x00000000c4900000, 0x00000000c4900000| Complete 
|  30|0x00000000c4a00000, 0x00000000c4b00000, 0x00000000c4b00000|100%| S|CS|TAMS 0x00000000c4a00000, 0x00000000c4a00000| Complete 
|  31|0x00000000c4b00000, 0x00000000c4c00000, 0x00000000c4c00000|100%| S|CS|TAMS 0x00000000c4b00000, 0x00000000c4b00000| Complete 
|  32|0x00000000c4c00000, 0x00000000c4c00000, 0x00000000c4d00000|  0%| F|  |TAMS 0x00000000c4c00000, 0x00000000c4c00000| Untracked 
|  33|0x00000000c4d00000, 0x00000000c4d00000, 0x00000000c4e00000|  0%| F|  |TAMS 0x00000000c4d00000, 0x00000000c4d00000| Untracked 
|  34|0x00000000c4e00000, 0x00000000c4e00000, 0x00000000c4f00000|  0%| F|  |TAMS 0x00000000c4e00000, 0x00000000c4e00000| Untracked 
|  35|0x00000000c4f00000, 0x00000000c4f00000, 0x00000000c5000000|  0%| F|  |TAMS 0x00000000c4f00000, 0x00000000c4f00000| Untracked 
|  36|0x00000000c5000000, 0x00000000c5000000, 0x00000000c5100000|  0%| F|  |TAMS 0x00000000c5000000, 0x00000000c5000000| Untracked 
|  37|0x00000000c5100000, 0x00000000c5100000, 0x00000000c5200000|  0%| F|  |TAMS 0x00000000c5100000, 0x00000000c5100000| Untracked 
|  38|0x00000000c5200000, 0x00000000c5200000, 0x00000000c5300000|  0%| F|  |TAMS 0x00000000c5200000, 0x00000000c5200000| Untracked 
|  39|0x00000000c5300000, 0x00000000c5300000, 0x00000000c5400000|  0%| F|  |TAMS 0x00000000c5300000, 0x00000000c5300000| Untracked 
|  40|0x00000000c5400000, 0x00000000c5400000, 0x00000000c5500000|  0%| F|  |TAMS 0x00000000c5400000, 0x00000000c5400000| Untracked 
|  41|0x00000000c5500000, 0x00000000c5500000, 0x00000000c5600000|  0%| F|  |TAMS 0x00000000c5500000, 0x00000000c5500000| Untracked 
|  42|0x00000000c5600000, 0x00000000c5600000, 0x00000000c5700000|  0%| F|  |TAMS 0x00000000c5600000, 0x00000000c5600000| Untracked 
|  43|0x00000000c5700000, 0x00000000c5700000, 0x00000000c5800000|  0%| F|  |TAMS 0x00000000c5700000, 0x00000000c5700000| Untracked 
|  44|0x00000000c5800000, 0x00000000c5800000, 0x00000000c5900000|  0%| F|  |TAMS 0x00000000c5800000, 0x00000000c5800000| Untracked 
|  45|0x00000000c5900000, 0x00000000c5900000, 0x00000000c5a00000|  0%| F|  |TAMS 0x00000000c5900000, 0x00000000c5900000| Untracked 
|  46|0x00000000c5a00000, 0x00000000c5a00000, 0x00000000c5b00000|  0%| F|  |TAMS 0x00000000c5a00000, 0x00000000c5a00000| Untracked 
|  47|0x00000000c5b00000, 0x00000000c5b00000, 0x00000000c5c00000|  0%| F|  |TAMS 0x00000000c5b00000, 0x00000000c5b00000| Untracked 
|  48|0x00000000c5c00000, 0x00000000c5c00000, 0x00000000c5d00000|  0%| F|  |TAMS 0x00000000c5c00000, 0x00000000c5c00000| Untracked 
|  49|0x00000000c5d00000, 0x00000000c5d00000, 0x00000000c5e00000|  0%| F|  |TAMS 0x00000000c5d00000, 0x00000000c5d00000| Untracked 
|  50|0x00000000c5e00000, 0x00000000c5e00000, 0x00000000c5f00000|  0%| F|  |TAMS 0x00000000c5e00000, 0x00000000c5e00000| Untracked 
|  51|0x00000000c5f00000, 0x00000000c5f00000, 0x00000000c6000000|  0%| F|  |TAMS 0x00000000c5f00000, 0x00000000c5f00000| Untracked 
|  52|0x00000000c6000000, 0x00000000c6000000, 0x00000000c6100000|  0%| F|  |TAMS 0x00000000c6000000, 0x00000000c6000000| Untracked 
|  53|0x00000000c6100000, 0x00000000c6100000, 0x00000000c6200000|  0%| F|  |TAMS 0x00000000c6100000, 0x00000000c6100000| Untracked 
|  54|0x00000000c6200000, 0x00000000c6200000, 0x00000000c6300000|  0%| F|  |TAMS 0x00000000c6200000, 0x00000000c6200000| Untracked 
|  55|0x00000000c6300000, 0x00000000c6300000, 0x00000000c6400000|  0%| F|  |TAMS 0x00000000c6300000, 0x00000000c6300000| Untracked 
|  56|0x00000000c6400000, 0x00000000c6400000, 0x00000000c6500000|  0%| F|  |TAMS 0x00000000c6400000, 0x00000000c6400000| Untracked 
|  57|0x00000000c6500000, 0x00000000c6500000, 0x00000000c6600000|  0%| F|  |TAMS 0x00000000c6500000, 0x00000000c6500000| Untracked 
|  58|0x00000000c6600000, 0x00000000c6600000, 0x00000000c6700000|  0%| F|  |TAMS 0x00000000c6600000, 0x00000000c6600000| Untracked 
|  59|0x00000000c6700000, 0x00000000c6700000, 0x00000000c6800000|  0%| F|  |TAMS 0x00000000c6700000, 0x00000000c6700000| Untracked 
|  60|0x00000000c6800000, 0x00000000c6800000, 0x00000000c6900000|  0%| F|  |TAMS 0x00000000c6800000, 0x00000000c6800000| Untracked 
|  61|0x00000000c6900000, 0x00000000c6900000, 0x00000000c6a00000|  0%| F|  |TAMS 0x00000000c6900000, 0x00000000c6900000| Untracked 

Card table byte_map: [0x0000027da8c20000,0x0000027da8e10000] _byte_map_base: 0x0000027da860a000

Marking Bits (Prev, Next): (CMBitMap*) 0x0000027d9e3a5ec0, (CMBitMap*) 0x0000027d9e3a5f00
 Prev Bits: [0x0000027da9000000, 0x0000027da9f50000)
 Next Bits: [0x0000027da9f50000, 0x0000027daaea0000)

Polling page: 0x0000027d9c250000

Metaspace:

Usage:
  Non-class:     27.02 MB used.
      Class:      4.25 MB used.
       Both:     31.26 MB used.

Virtual space:
  Non-class space:       64.00 MB reserved,      27.25 MB ( 43%) committed,  1 nodes.
      Class space:        1.00 GB reserved,       4.44 MB ( <1%) committed,  1 nodes.
             Both:        1.06 GB reserved,      31.69 MB (  3%) committed. 

Chunk freelists:
   Non-Class:  4.48 MB
       Class:  11.55 MB
        Both:  16.03 MB

MaxMetaspaceSize: unlimited
CompressedClassSpaceSize: 1.00 GB
Initial GC threshold: 21.00 MB
Current GC threshold: 41.19 MB
CDS: on
MetaspaceReclaimPolicy: balanced
 - commit_granule_bytes: 65536.
 - commit_granule_words: 8192.
 - virtual_space_node_default_size: 8388608.
 - enlarge_chunks_in_place: 1.
 - new_chunks_are_fully_committed: 0.
 - uncommit_free_chunks: 1.
 - use_allocation_guard: 0.
 - handle_deallocations: 1.


Internal statistics:

num_allocs_failed_limit: 6.
num_arena_births: 470.
num_arena_deaths: 0.
num_vsnodes_births: 2.
num_vsnodes_deaths: 0.
num_space_committed: 507.
num_space_uncommitted: 0.
num_chunks_returned_to_freelist: 6.
num_chunks_taken_from_freelist: 1700.
num_chunk_merges: 6.
num_chunk_splits: 1217.
num_chunks_enlarged: 936.
num_inconsistent_stats: 0.

CodeCache: size=49152Kb used=7662Kb max_used=7662Kb free=41489Kb
 bounds [0x0000027da5c20000, 0x0000027da63a0000, 0x0000027da8c20000]
 total_blobs=4376 nmethods=3834 adapters=468
 compilation: enabled
              stopped_count=0, restarted_count=0
 full_count=0

Compilation events (20 events):
Event: 5.264 Thread 0x0000027df4127300 nmethod 3825 0x0000027da6394710 code [0x0000027da63948c0, 0x0000027da6394a98]
Event: 5.264 Thread 0x0000027df4127300 3826       1       java.nio.charset.CharsetDecoder::averageCharsPerByte (5 bytes)
Event: 5.264 Thread 0x0000027df4127300 nmethod 3826 0x0000027da6394b90 code [0x0000027da6394d20, 0x0000027da6394df8]
Event: 5.264 Thread 0x0000027dad335410 nmethod 3820 0x0000027da6394e90 code [0x0000027da63950c0, 0x0000027da63956c8]
Event: 5.265 Thread 0x0000027dad335410 3827       1       sun.nio.cs.UTF_8$Decoder::decodeLoop (28 bytes)
Event: 5.265 Thread 0x0000027df4127300 3828       1       sun.nio.cs.UTF_8$Decoder::decodeArrayLoop (688 bytes)
Event: 5.266 Thread 0x0000027dad335410 nmethod 3827 0x0000027da6395a10 code [0x0000027da6395bc0, 0x0000027da6395d58]
Event: 5.266 Thread 0x0000027dad335410 3829       1       java.lang.System$2::decodeASCII (11 bytes)
Event: 5.266 Thread 0x0000027dad335410 nmethod 3829 0x0000027da6395e90 code [0x0000027da6396020, 0x0000027da6396108]
Event: 5.266 Thread 0x0000027dad335410 3830       1       java.lang.String::decodeASCII (64 bytes)
Event: 5.266 Thread 0x0000027dad335410 nmethod 3830 0x0000027da6396190 code [0x0000027da6396340, 0x0000027da6396598]
Event: 5.266 Thread 0x0000027dad335410 3831       1       sun.nio.cs.UTF_8$Decoder::xflow (31 bytes)
Event: 5.266 Thread 0x0000027dad335410 nmethod 3831 0x0000027da6396890 code [0x0000027da6396a60, 0x0000027da6396c38]
Event: 5.266 Thread 0x0000027dad335410 3832       1       sun.nio.cs.UTF_8::updatePositions (23 bytes)
Event: 5.266 Thread 0x0000027dad335410 nmethod 3832 0x0000027da6396d90 code [0x0000027da6396f60, 0x0000027da63970b8]
Event: 5.268 Thread 0x0000027df4127300 nmethod 3828 0x0000027da6397190 code [0x0000027da63977e0, 0x0000027da6399338]
Event: 5.303 Thread 0x0000027df4127300 3833       1       java.util.BitSet::expandTo (23 bytes)
Event: 5.303 Thread 0x0000027dad335410 3834       1       java.util.BitSet::set (58 bytes)
Event: 5.303 Thread 0x0000027df4127300 nmethod 3833 0x0000027da639aa90 code [0x0000027da639ac20, 0x0000027da639ad28]
Event: 5.304 Thread 0x0000027dad335410 nmethod 3834 0x0000027da639b090 code [0x0000027da639b2a0, 0x0000027da639b738]

GC Heap History (19 events):
Event: 1.338 GC heap before
{Heap before GC invocations=0 (full 0):
 garbage-first heap   total 63488K, used 14336K [0x00000000c2c00000, 0x0000000100000000)
  region size 1024K, 13 young (13312K), 0 survivors (0K)
 Metaspace       used 2048K, committed 2240K, reserved 1114112K
  class space    used 247K, committed 320K, reserved 1048576K
}
Event: 1.345 GC heap after
{Heap after GC invocations=1 (full 0):
 garbage-first heap   total 63488K, used 7121K [0x00000000c2c00000, 0x0000000100000000)
  region size 1024K, 2 young (2048K), 2 survivors (2048K)
 Metaspace       used 2048K, committed 2240K, reserved 1114112K
  class space    used 247K, committed 320K, reserved 1048576K
}
Event: 1.660 GC heap before
{Heap before GC invocations=1 (full 0):
 garbage-first heap   total 63488K, used 17361K [0x00000000c2c00000, 0x0000000100000000)
  region size 1024K, 13 young (13312K), 2 survivors (2048K)
 Metaspace       used 4687K, committed 4928K, reserved 1114112K
  class space    used 640K, committed 768K, reserved 1048576K
}
Event: 1.664 GC heap after
{Heap after GC invocations=2 (full 0):
 garbage-first heap   total 63488K, used 8230K [0x00000000c2c00000, 0x0000000100000000)
  region size 1024K, 1 young (1024K), 1 survivors (1024K)
 Metaspace       used 4687K, committed 4928K, reserved 1114112K
  class space    used 640K, committed 768K, reserved 1048576K
}
Event: 2.282 GC heap before
{Heap before GC invocations=2 (full 0):
 garbage-first heap   total 63488K, used 27686K [0x00000000c2c00000, 0x0000000100000000)
  region size 1024K, 20 young (20480K), 1 survivors (1024K)
 Metaspace       used 8272K, committed 8576K, reserved 1114112K
  class space    used 1230K, committed 1408K, reserved 1048576K
}
Event: 2.287 GC heap after
{Heap after GC invocations=3 (full 0):
 garbage-first heap   total 63488K, used 9696K [0x00000000c2c00000, 0x0000000100000000)
  region size 1024K, 3 young (3072K), 3 survivors (3072K)
 Metaspace       used 8272K, committed 8576K, reserved 1114112K
  class space    used 1230K, committed 1408K, reserved 1048576K
}
Event: 2.824 GC heap before
{Heap before GC invocations=3 (full 0):
 garbage-first heap   total 63488K, used 39392K [0x00000000c2c00000, 0x0000000100000000)
  region size 1024K, 32 young (32768K), 3 survivors (3072K)
 Metaspace       used 14375K, committed 14656K, reserved 1114112K
  class space    used 2033K, committed 2176K, reserved 1048576K
}
Event: 2.829 GC heap after
{Heap after GC invocations=4 (full 0):
 garbage-first heap   total 63488K, used 11223K [0x00000000c2c00000, 0x0000000100000000)
  region size 1024K, 4 young (4096K), 4 survivors (4096K)
 Metaspace       used 14375K, committed 14656K, reserved 1114112K
  class space    used 2033K, committed 2176K, reserved 1048576K
}
Event: 3.128 GC heap before
{Heap before GC invocations=4 (full 0):
 garbage-first heap   total 63488K, used 41943K [0x00000000c2c00000, 0x0000000100000000)
  region size 1024K, 34 young (34816K), 4 survivors (4096K)
 Metaspace       used 19326K, committed 19584K, reserved 1114112K
  class space    used 2574K, committed 2688K, reserved 1048576K
}
Event: 3.134 GC heap after
{Heap after GC invocations=5 (full 0):
 garbage-first heap   total 63488K, used 13641K [0x00000000c2c00000, 0x0000000100000000)
  region size 1024K, 5 young (5120K), 5 survivors (5120K)
 Metaspace       used 19326K, committed 19584K, reserved 1114112K
  class space    used 2574K, committed 2688K, reserved 1048576K
}
Event: 3.297 GC heap before
{Heap before GC invocations=5 (full 0):
 garbage-first heap   total 63488K, used 29001K [0x00000000c2c00000, 0x0000000100000000)
  region size 1024K, 21 young (21504K), 5 survivors (5120K)
 Metaspace       used 21228K, committed 21568K, reserved 1114112K
  class space    used 2837K, committed 2944K, reserved 1048576K
}
Event: 3.303 GC heap after
{Heap after GC invocations=6 (full 0):
 garbage-first heap   total 63488K, used 14741K [0x00000000c2c00000, 0x0000000100000000)
  region size 1024K, 4 young (4096K), 4 survivors (4096K)
 Metaspace       used 21228K, committed 21568K, reserved 1114112K
  class space    used 2837K, committed 2944K, reserved 1048576K
}
Event: 3.748 GC heap before
{Heap before GC invocations=7 (full 0):
 garbage-first heap   total 58368K, used 44437K [0x00000000c2c00000, 0x0000000100000000)
  region size 1024K, 34 young (34816K), 4 survivors (4096K)
 Metaspace       used 24891K, committed 25216K, reserved 1114112K
  class space    used 3337K, committed 3456K, reserved 1048576K
}
Event: 3.757 GC heap after
{Heap after GC invocations=8 (full 0):
 garbage-first heap   total 58368K, used 17387K [0x00000000c2c00000, 0x0000000100000000)
  region size 1024K, 4 young (4096K), 4 survivors (4096K)
 Metaspace       used 24891K, committed 25216K, reserved 1114112K
  class space    used 3337K, committed 3456K, reserved 1048576K
}
Event: 4.351 GC heap before
{Heap before GC invocations=9 (full 0):
 garbage-first heap   total 58368K, used 41963K [0x00000000c2c00000, 0x0000000100000000)
  region size 1024K, 29 young (29696K), 4 survivors (4096K)
 Metaspace       used 27904K, committed 28288K, reserved 1114112K
  class space    used 3746K, committed 3968K, reserved 1048576K
}
Event: 4.363 GC heap after
{Heap after GC invocations=10 (full 0):
 garbage-first heap   total 58368K, used 19333K [0x00000000c2c00000, 0x0000000100000000)
  region size 1024K, 2 young (2048K), 2 survivors (2048K)
 Metaspace       used 27904K, committed 28288K, reserved 1114112K
  class space    used 3746K, committed 3968K, reserved 1048576K
}
Event: 4.382 GC heap before
{Heap before GC invocations=10 (full 0):
 garbage-first heap   total 58368K, used 20357K [0x00000000c2c00000, 0x0000000100000000)
  region size 1024K, 3 young (3072K), 2 survivors (2048K)
 Metaspace       used 27968K, committed 28352K, reserved 1114112K
  class space    used 3759K, committed 3968K, reserved 1048576K
}
Event: 4.399 GC heap after
{Heap after GC invocations=11 (full 0):
 garbage-first heap   total 58368K, used 19526K [0x00000000c2c00000, 0x0000000100000000)
  region size 1024K, 1 young (1024K), 1 survivors (1024K)
 Metaspace       used 27968K, committed 28352K, reserved 1114112K
  class space    used 3759K, committed 3968K, reserved 1048576K
}
Event: 5.312 GC heap before
{Heap before GC invocations=11 (full 0):
 garbage-first heap   total 58368K, used 44102K [0x00000000c2c00000, 0x0000000100000000)
  region size 1024K, 25 young (25600K), 1 survivors (1024K)
 Metaspace       used 32012K, committed 32448K, reserved 1114112K
  class space    used 4347K, committed 4544K, reserved 1048576K
}

Deoptimization events (4 events):
Event: 4.567 Thread 0x0000027d9e369aa0 DEOPT PACKING pc=0x0000027da627f734 sp=0x00000090711fbe10
Event: 4.582 Thread 0x0000027d9e369aa0 DEOPT UNPACKING pc=0x0000027da5c72b43 sp=0x00000090711fb398 mode 0
Event: 4.582 Thread 0x0000027d9e369aa0 DEOPT PACKING pc=0x0000027da61ec9ec sp=0x00000090711fbff0
Event: 4.582 Thread 0x0000027d9e369aa0 DEOPT UNPACKING pc=0x0000027da5c72b43 sp=0x00000090711fb4b0 mode 0

Classes unloaded (0 events):
No events

Classes redefined (0 events):
No events

Internal exceptions (20 events):
Event: 4.382 Thread 0x0000027d9e369aa0 Exception <a 'java/lang/NoSuchMethodError'{0x00000000c69fc5f8}: 'java.lang.Object java.lang.invoke.DirectMethodHandle$Holder.newInvokeSpecial(java.lang.Object, java.lang.Object, java.lang.Object, java.lang.Object, java.lang.Object, java.lang.Object)'> (0x00000000c69fc5f8) 
thrown [s\open\src\hotspot\share\interpreter\linkResolver.cpp, line 759]
Event: 4.427 Thread 0x0000027d9e369aa0 Exception <a 'java/lang/NoClassDefFoundError'{0x00000000c69eb620}: liquibase/integration/spring/SpringLiquibase> (0x00000000c69eb620) 
thrown [s\open\src\hotspot\share\classfile\systemDictionary.cpp, line 245]
Event: 4.435 Thread 0x0000027d9e369aa0 Exception <a 'java/lang/NoClassDefFoundError'{0x00000000c6229998}: org/springframework/batch/core/repository/JobRepository> (0x00000000c6229998) 
thrown [s\open\src\hotspot\share\classfile\systemDictionary.cpp, line 245]
Event: 4.436 Thread 0x0000027d9e369aa0 Exception <a 'java/lang/NoClassDefFoundError'{0x00000000c622c3b0}: org/quartz/Scheduler> (0x00000000c622c3b0) 
thrown [s\open\src\hotspot\share\classfile\systemDictionary.cpp, line 245]
Event: 4.436 Thread 0x0000027d9e369aa0 Exception <a 'java/lang/NoClassDefFoundError'{0x00000000c622f488}: org/springframework/session/jdbc/JdbcIndexedSessionRepository> (0x00000000c622f488) 
thrown [s\open\src\hotspot\share\classfile\systemDictionary.cpp, line 245]
Event: 4.437 Thread 0x0000027d9e369aa0 Exception <a 'java/lang/NoClassDefFoundError'{0x00000000c6245650}: org/jooq/DSLContext> (0x00000000c6245650) 
thrown [s\open\src\hotspot\share\classfile\systemDictionary.cpp, line 245]
Event: 4.505 Thread 0x0000027d9e369aa0 Exception <a 'java/lang/NoSuchMethodError'{0x00000000c5f05860}: 'void java.lang.invoke.DirectMethodHandle$Holder.invokeSpecial(java.lang.Object, java.lang.Object, java.lang.Object, java.lang.Object, java.lang.Object, java.lang.Object)'> (0x00000000c5f05860) 
thrown [s\open\src\hotspot\share\interpreter\linkResolver.cpp, line 759]
Event: 4.663 Thread 0x0000027d9e369aa0 Exception <a 'java/lang/NoSuchMethodError'{0x00000000c5b09d00}: 'java.lang.Object java.lang.invoke.DirectMethodHandle$Holder.invokeSpecialIFC(java.lang.Object, java.lang.Object, java.lang.Object)'> (0x00000000c5b09d00) 
thrown [s\open\src\hotspot\share\interpreter\linkResolver.cpp, line 759]
Event: 4.920 Thread 0x0000027d9e369aa0 Exception <a 'java/lang/NoSuchMethodError'{0x00000000c5602ce8}: 'void java.lang.invoke.DirectMethodHandle$Holder.invokeInterface(java.lang.Object, java.lang.Object, int)'> (0x00000000c5602ce8) 
thrown [s\open\src\hotspot\share\interpreter\linkResolver.cpp, line 759]
Event: 4.928 Thread 0x0000027d9e369aa0 Exception <a 'java/lang/IncompatibleClassChangeError'{0x00000000c56538d8}: Found class java.lang.Object, but interface was expected> (0x00000000c56538d8) 
thrown [s\open\src\hotspot\share\interpreter\linkResolver.cpp, line 826]
Event: 4.929 Thread 0x0000027d9e369aa0 Exception <a 'java/lang/NoSuchMethodError'{0x00000000c5664498}: 'int java.lang.invoke.DirectMethodHandle$Holder.invokeSpecialIFC(java.lang.Object, java.lang.Object, java.lang.Object)'> (0x00000000c5664498) 
thrown [s\open\src\hotspot\share\interpreter\linkResolver.cpp, line 759]
Event: 4.930 Thread 0x0000027d9e369aa0 Exception <a 'java/lang/NoSuchMethodError'{0x00000000c567d278}: 'void java.lang.invoke.DirectMethodHandle$Holder.invokeStatic(java.lang.Object, int, java.lang.Object)'> (0x00000000c567d278) 
thrown [s\open\src\hotspot\share\interpreter\linkResolver.cpp, line 759]
Event: 4.934 Thread 0x0000027d9e369aa0 Exception <a 'java/lang/NoSuchMethodError'{0x00000000c56b13b8}: 'int java.lang.invoke.DirectMethodHandle$Holder.invokeSpecial(java.lang.Object, java.lang.Object, int)'> (0x00000000c56b13b8) 
thrown [s\open\src\hotspot\share\interpreter\linkResolver.cpp, line 759]
Event: 4.937 Thread 0x0000027d9e369aa0 Exception <a 'java/lang/NoSuchMethodError'{0x00000000c56c0d60}: 'void java.lang.invoke.DirectMethodHandle$Holder.invokeVirtual(java.lang.Object, java.lang.Object, int)'> (0x00000000c56c0d60) 
thrown [s\open\src\hotspot\share\interpreter\linkResolver.cpp, line 759]
Event: 4.938 Thread 0x0000027d9e369aa0 Exception <a 'java/lang/NoSuchMethodError'{0x00000000c56c6fa8}: 'void java.lang.invoke.DirectMethodHandle$Holder.invokeStatic(java.lang.Object, java.lang.Object, java.lang.Object, int, java.lang.Object)'> (0x00000000c56c6fa8) 
thrown [s\open\src\hotspot\share\interpreter\linkResolver.cpp, line 759]
Event: 4.939 Thread 0x0000027d9e369aa0 Exception <a 'java/lang/NoSuchMethodError'{0x00000000c56ce4c8}: 'java.lang.Object java.lang.invoke.DirectMethodHandle$Holder.newInvokeSpecial(java.lang.Object, java.lang.Object, java.lang.Object, int)'> (0x00000000c56ce4c8) 
thrown [s\open\src\hotspot\share\interpreter\linkResolver.cpp, line 759]
Event: 4.939 Thread 0x0000027d9e369aa0 Exception <a 'java/lang/NoSuchMethodError'{0x00000000c56d27b0}: 'java.lang.Object java.lang.invoke.DirectMethodHandle$Holder.invokeSpecial(java.lang.Object, java.lang.Object, java.lang.Object, java.lang.Object, int)'> (0x00000000c56d27b0) 
thrown [s\open\src\hotspot\share\interpreter\linkResolver.cpp, line 759]
Event: 4.939 Thread 0x0000027d9e369aa0 Exception <a 'java/lang/NoSuchMethodError'{0x00000000c56d6378}: 'java.lang.Object java.lang.invoke.Invokers$Holder.linkToTargetMethod(java.lang.Object, java.lang.Object, int, java.lang.Object)'> (0x00000000c56d6378) 
thrown [s\open\src\hotspot\share\interpreter\linkResolver.cpp, line 759]
Event: 5.040 Thread 0x0000027d9e369aa0 Exception <a 'java/lang/NoSuchMethodError'{0x00000000c52b03f8}: 'java.lang.Object java.lang.invoke.DirectMethodHandle$Holder.invokeStaticInit(java.lang.Object, int, int, int, int)'> (0x00000000c52b03f8) 
thrown [s\open\src\hotspot\share\interpreter\linkResolver.cpp, line 759]
Event: 5.199 Thread 0x0000027d9e369aa0 Exception <a 'java/lang/NoSuchMethodError'{0x00000000c51ca788}: 'java.lang.Object java.lang.invoke.DirectMethodHandle$Holder.invokeStaticInit(java.lang.Object, java.lang.Object, int, int, int, int)'> (0x00000000c51ca788) 
thrown [s\open\src\hotspot\share\interpreter\linkResolver.cpp, line 759]

VM Operations (20 events):
Event: 4.093 Executing VM operation: HandshakeAllThreads done
Event: 4.180 Executing VM operation: HandshakeAllThreads
Event: 4.180 Executing VM operation: HandshakeAllThreads done
Event: 4.280 Executing VM operation: HandshakeAllThreads
Event: 4.280 Executing VM operation: HandshakeAllThreads done
Event: 4.351 Executing VM operation: G1CollectForAllocation
Event: 4.363 Executing VM operation: G1CollectForAllocation done
Event: 4.382 Executing VM operation: G1CollectForAllocation
Event: 4.399 Executing VM operation: G1CollectForAllocation done
Event: 4.521 Executing VM operation: HandshakeAllThreads
Event: 4.521 Executing VM operation: HandshakeAllThreads done
Event: 4.566 Executing VM operation: HandshakeAllThreads
Event: 4.566 Executing VM operation: HandshakeAllThreads done
Event: 5.016 Executing VM operation: HandshakeAllThreads
Event: 5.016 Executing VM operation: HandshakeAllThreads done
Event: 5.062 Executing VM operation: HandshakeAllThreads
Event: 5.062 Executing VM operation: HandshakeAllThreads done
Event: 5.303 Executing VM operation: HandshakeAllThreads
Event: 5.303 Executing VM operation: HandshakeAllThreads done
Event: 5.311 Executing VM operation: G1CollectForAllocation

Events (20 events):
Event: 5.294 loading class jdk/internal/logger/LazyLoggers
Event: 5.295 loading class jdk/internal/logger/LazyLoggers done
Event: 5.295 loading class jdk/internal/logger/LazyLoggers$1
Event: 5.295 loading class jdk/internal/logger/LazyLoggers$1 done
Event: 5.295 loading class jdk/internal/logger/LazyLoggers$LazyLoggerFactories
Event: 5.295 loading class jdk/internal/logger/LazyLoggers$LazyLoggerFactories done
Event: 5.295 loading class jdk/internal/logger/LoggerFinderLoader
Event: 5.295 loading class jdk/internal/logger/LoggerFinderLoader done
Event: 5.296 loading class java/io/FilePermission$1
Event: 5.296 loading class jdk/internal/access/JavaIOFilePermissionAccess
Event: 5.296 loading class jdk/internal/access/JavaIOFilePermissionAccess done
Event: 5.296 loading class java/io/FilePermission$1 done
Event: 5.296 loading class jdk/internal/logger/LoggerFinderLoader$TemporaryLoggerFinder
Event: 5.296 loading class jdk/internal/logger/LoggerFinderLoader$TemporaryLoggerFinder done
Event: 5.296 loading class sun/util/logging/internal/LoggingProviderImpl$JULWrapper
Event: 5.297 loading class sun/util/logging/internal/LoggingProviderImpl$JULWrapper done
Event: 5.301 loading class java/util/concurrent/atomic/Striped64$1
Event: 5.301 loading class java/util/concurrent/atomic/Striped64$1 done
Event: 5.303 loading class sun/nio/cs/UTF_8$Encoder
Event: 5.303 loading class sun/nio/cs/UTF_8$Encoder done


Dynamic libraries:
0x00007ff6dc5d0000 - 0x00007ff6dc5e0000 	C:\Program Files\Java\jdk-17\bin\java.exe
0x00007ff863a50000 - 0x00007ff863c48000 	C:\WINDOWS\SYSTEM32\ntdll.dll
0x00007ff8630d0000 - 0x00007ff863192000 	C:\WINDOWS\System32\KERNEL32.DLL
0x00007ff861780000 - 0x00007ff861a76000 	C:\WINDOWS\System32\KERNELBASE.dll
0x00007ff861400000 - 0x00007ff861500000 	C:\WINDOWS\System32\ucrtbase.dll
0x00007ff831410000 - 0x00007ff83142b000 	C:\Program Files\Java\jdk-17\bin\VCRUNTIME140.dll
0x00007ff85b160000 - 0x00007ff85b179000 	C:\Program Files\Java\jdk-17\bin\jli.dll
0x00007ff8620b0000 - 0x00007ff862161000 	C:\WINDOWS\System32\ADVAPI32.dll
0x00007ff8631a0000 - 0x00007ff86323e000 	C:\WINDOWS\System32\msvcrt.dll
0x00007ff861a80000 - 0x00007ff861b1f000 	C:\WINDOWS\System32\sechost.dll
0x00007ff861f20000 - 0x00007ff862040000 	C:\WINDOWS\System32\RPCRT4.dll
0x00007ff861230000 - 0x00007ff861257000 	C:\WINDOWS\System32\bcrypt.dll
0x00007ff862d20000 - 0x00007ff862ebd000 	C:\WINDOWS\System32\USER32.dll
0x00007ff861260000 - 0x00007ff861282000 	C:\WINDOWS\System32\win32u.dll
0x00007ff862380000 - 0x00007ff8623ab000 	C:\WINDOWS\System32\GDI32.dll
0x00007ff847730000 - 0x00007ff8479cb000 	C:\WINDOWS\WinSxS\amd64_microsoft.windows.common-controls_6595b64144ccf1df_6.0.19041.6280_none_60bc30a171f2f3f3\COMCTL32.dll
0x00007ff861660000 - 0x00007ff861779000 	C:\WINDOWS\System32\gdi32full.dll
0x00007ff861290000 - 0x00007ff86132d000 	C:\WINDOWS\System32\msvcp_win.dll
0x00007ff8546e0000 - 0x00007ff8546ea000 	C:\WINDOWS\SYSTEM32\VERSION.dll
0x00007ff862c10000 - 0x00007ff862c3f000 	C:\WINDOWS\System32\IMM32.DLL
0x00007ff85b210000 - 0x00007ff85b21c000 	C:\Program Files\Java\jdk-17\bin\vcruntime140_1.dll
0x00007ff831380000 - 0x00007ff83140e000 	C:\Program Files\Java\jdk-17\bin\msvcp140.dll
0x00007fffc9b90000 - 0x00007fffca770000 	C:\Program Files\Java\jdk-17\bin\server\jvm.dll
0x00007ff862470000 - 0x00007ff862478000 	C:\WINDOWS\System32\PSAPI.DLL
0x00007ff842d10000 - 0x00007ff842d37000 	C:\WINDOWS\SYSTEM32\WINMM.dll
0x00007ff83fcc0000 - 0x00007ff83fcc9000 	C:\WINDOWS\SYSTEM32\WSOCK32.dll
0x00007ff861c40000 - 0x00007ff861cab000 	C:\WINDOWS\System32\WS2_32.dll
0x00007ff85f910000 - 0x00007ff85f922000 	C:\WINDOWS\SYSTEM32\kernel.appcore.dll
0x00007ff83b790000 - 0x00007ff83b79a000 	C:\Program Files\Java\jdk-17\bin\jimage.dll
0x00007ff85ee40000 - 0x00007ff85f041000 	C:\WINDOWS\SYSTEM32\DBGHELP.DLL
0x00007ff843320000 - 0x00007ff843354000 	C:\WINDOWS\SYSTEM32\dbgcore.DLL
0x00007ff8610f0000 - 0x00007ff861172000 	C:\WINDOWS\System32\bcryptPrimitives.dll
0x00007ff831350000 - 0x00007ff831375000 	C:\Program Files\Java\jdk-17\bin\java.dll
0x00007ff812fa0000 - 0x00007ff813077000 	C:\Program Files\Java\jdk-17\bin\jsvml.dll
0x00007ff8624a0000 - 0x00007ff862c10000 	C:\WINDOWS\System32\SHELL32.dll
0x00007ff85f050000 - 0x00007ff85f7f5000 	C:\WINDOWS\SYSTEM32\windows.storage.dll
0x00007ff8636b0000 - 0x00007ff863a03000 	C:\WINDOWS\System32\combase.dll
0x00007ff860a50000 - 0x00007ff860a7b000 	C:\WINDOWS\SYSTEM32\Wldp.dll
0x00007ff8622b0000 - 0x00007ff86237d000 	C:\WINDOWS\System32\OLEAUT32.dll
0x00007ff862180000 - 0x00007ff86222d000 	C:\WINDOWS\System32\SHCORE.dll
0x00007ff862410000 - 0x00007ff86246b000 	C:\WINDOWS\System32\shlwapi.dll
0x00007ff861020000 - 0x00007ff861044000 	C:\WINDOWS\SYSTEM32\profapi.dll
0x00007ff831270000 - 0x00007ff831289000 	C:\Program Files\Java\jdk-17\bin\net.dll
0x00007ff8588b0000 - 0x00007ff8589ba000 	C:\WINDOWS\SYSTEM32\WINHTTP.dll
0x00007ff8607b0000 - 0x00007ff86081a000 	C:\WINDOWS\system32\mswsock.dll
0x00007ff831250000 - 0x00007ff831266000 	C:\Program Files\Java\jdk-17\bin\nio.dll
0x00007ff830fc0000 - 0x00007ff830fd8000 	C:\Program Files\Java\jdk-17\bin\zip.dll
0x00007ff831030000 - 0x00007ff83103e000 	C:\Program Files\Java\jdk-17\bin\sunmscapi.dll
0x00007ff861500000 - 0x00007ff86165d000 	C:\WINDOWS\System32\CRYPT32.dll
0x00007ff860ac0000 - 0x00007ff860ae7000 	C:\WINDOWS\SYSTEM32\ncrypt.dll
0x00007ff860a80000 - 0x00007ff860abb000 	C:\WINDOWS\SYSTEM32\NTASN1.dll
0x00007ff8609b0000 - 0x00007ff8609c8000 	C:\WINDOWS\SYSTEM32\CRYPTSP.dll
0x00007ff8600d0000 - 0x00007ff860108000 	C:\WINDOWS\system32\rsaenh.dll
0x00007ff860fa0000 - 0x00007ff860fce000 	C:\WINDOWS\SYSTEM32\USERENV.dll
0x00007ff8609a0000 - 0x00007ff8609ac000 	C:\WINDOWS\SYSTEM32\CRYPTBASE.dll
0x00007ff860490000 - 0x00007ff8604cb000 	C:\WINDOWS\SYSTEM32\IPHLPAPI.DLL
0x00007ff8620a0000 - 0x00007ff8620a8000 	C:\WINDOWS\System32\NSI.dll
0x00007ff857c00000 - 0x00007ff857c17000 	C:\WINDOWS\SYSTEM32\dhcpcsvc6.DLL
0x00007ff857400000 - 0x00007ff85741d000 	C:\WINDOWS\SYSTEM32\dhcpcsvc.DLL
0x00007ff8604d0000 - 0x00007ff86059a000 	C:\WINDOWS\SYSTEM32\DNSAPI.dll

dbghelp: loaded successfully - version: 4.0.5 - missing functions: none
symbol engine: initialized successfully - sym options: 0x614 - pdb path: .;C:\Program Files\Java\jdk-17\bin;C:\WINDOWS\SYSTEM32;C:\WINDOWS\WinSxS\amd64_microsoft.windows.common-controls_6595b64144ccf1df_6.0.19041.6280_none_60bc30a171f2f3f3;C:\Program Files\Java\jdk-17\bin\server

VM Arguments:
jvm_args: -XX:TieredStopAtLevel=1 -Dfile.encoding=windows-1252 -Duser.country=CO -Duser.language=es -Duser.variant 
java_command: co.edu.uniajc.AgendaSalonEventos.AgendaSalonEventosApplicationKt
java_class_path (initial): C:\Users\Paola\IdeaProjects\AgendaSalonEventos\build\classes\java\main;C:\Users\Paola\IdeaProjects\AgendaSalonEventos\build\classes\kotlin\main;C:\Users\Paola\IdeaProjects\AgendaSalonEventos\build\resources\main;C:\Users\Paola\.gradle\caches\modules-2\files-2.1\org.springframework.boot\spring-boot-docker-compose\3.5.5\ace69da11788a4d5512e20671061cf875b5458ae\spring-boot-docker-compose-3.5.5.jar;C:\Users\Paola\.gradle\caches\modules-2\files-2.1\com.fasterxml.jackson.module\jackson-module-parameter-names\2.19.2\3c4ce467c11364c72ec4967c570fd5a2d1be1d0b\jackson-module-parameter-names-2.19.2.jar;C:\Users\Paola\.gradle\caches\modules-2\files-2.1\org.flywaydb\flyway-mysql\11.7.2\8d2884d56785b6f70b105991db72f885015decb\flyway-mysql-11.7.2.jar;C:\Users\Paola\.gradle\caches\modules-2\files-2.1\org.flywaydb\flyway-core\11.7.2\2e40f0465ab29c807a38aae56b4e636451a9ff99\flyway-core-11.7.2.jar;C:\Users\Paola\.gradle\caches\modules-2\files-2.1\com.fasterxml.jackson.dataformat\jackson-dataformat-toml\2.19.2\629e52c5fbdb321d126155e0c78bd2d796f94b12\jackson-dataformat-toml-2.19.2.jar;C:\Users\Paola\.gradle\caches\modules-2\files-2.1\org.springdoc\springdoc-openapi-starter-webmvc-ui\2.5.0\e81e60e9be9fd65503071337e634b6056127a2fb\springdoc-openapi-starter-webmvc-ui-2.5.0.jar;C:\Users\Paola\.gradle\caches\modules-2\files-2.1\org.springdoc\springdoc-openapi-starter-webmvc-api\2.5.0\a450d666f17b10adff53703b16bc77954a045fd2\springdoc-openapi-starter-webmvc-api-2.5.0.jar;C:\Users\Paola\.gradle\caches\modules-2\files-2.1\org.springdoc\springdoc-openapi-starter-common\2.5.0\d83078092cc4e61ef502018c7560d466210cc14e\springdoc-openapi-starter-common-2.5.0.jar;C:\Users\Paola\.gradle\caches\modules-2\files-2.1\io.swagger.core.v3\swagger-core-jakarta\2.2.21\b7d961d3431bb200af600c5bb6b68024c2f6282c\swagger-core-jakarta-2.2.21.jar;C:\Users\Paola\.gradle\caches\modules-2\files-2.1\com.fasterxml.jackson.datatype\jackson-datatype-jsr310\2.19.2\72e73f048b36d9df82aef146bf8b2ae63
Launcher Type: SUN_STANDARD

[Global flags]
     intx CICompilerCount                          = 3                                         {product} {ergonomic}
     uint ConcGCThreads                            = 1                                         {product} {ergonomic}
     uint G1ConcRefinementThreads                  = 4                                         {product} {ergonomic}
   size_t G1HeapRegionSize                         = 1048576                                   {product} {ergonomic}
    uintx GCDrainStackTargetSize                   = 64                                        {product} {ergonomic}
   size_t InitialHeapSize                          = 65011712                                  {product} {ergonomic}
   size_t MarkStackSize                            = 4194304                                   {product} {ergonomic}
   size_t MaxHeapSize                              = 1027604480                                {product} {ergonomic}
   size_t MaxNewSize                               = 616562688                                 {product} {ergonomic}
   size_t MinHeapDeltaBytes                        = 1048576                                   {product} {ergonomic}
   size_t MinHeapSize                              = 8388608                                   {product} {ergonomic}
    uintx NonProfiledCodeHeapSize                  = 0                                      {pd product} {ergonomic}
     bool ProfileInterpreter                       = false                                  {pd product} {command line}
    uintx ProfiledCodeHeapSize                     = 0                                      {pd product} {ergonomic}
   size_t SoftMaxHeapSize                          = 1027604480                             {manageable} {ergonomic}
     intx TieredStopAtLevel                        = 1                                         {product} {command line}
     bool UseCompressedClassPointers               = true                           {product lp64_product} {ergonomic}
     bool UseCompressedOops                        = true                           {product lp64_product} {ergonomic}
     bool UseG1GC                                  = true                                      {product} {ergonomic}
     bool UseLargePagesIndividualAllocation        = false                                  {pd product} {ergonomic}

Logging:
Log output configuration:
 #0: stdout all=warning uptime,level,tags
 #1: stderr all=off uptime,level,tags

Environment Variables:
PATH=C:\Program Files\Common Files\Oracle\Java\javapath;C:\ProgramData\Oracle\Java\javapath;C:\WINDOWS\system32;C:\WINDOWS;C:\WINDOWS\System32\Wbem;C:\WINDOWS\System32\WindowsPowerShell\v1.0\;C:\WINDOWS\System32\OpenSSH\;C:\Program Files\nodejs\;C:\Program Files\Git\cmd;C:\Program Files\Docker\Docker\resources\bin;C:\Users\Paola\AppData\Local\Microsoft\WindowsApps;C:\Users\Paola\AppData\Local\Programs\Microsoft VS Code\bin;C:\Users\Paola\AppData\Roaming\npm;C:\src\flutter\bin;
USERNAME=Paola
OS=Windows_NT
PROCESSOR_IDENTIFIER=Intel64 Family 6 Model 142 Stepping 12, GenuineIntel



---------------  S Y S T E M  ---------------

OS:
 Windows 10 , 64 bit Build 19041 (10.0.19041.5915)
OS uptime: 0 days 10:00 hours
Hyper-V role detected

CPU: total 4 (initial active 4) (2 cores per cpu, 2 threads per core) family 6 model 142 stepping 12 microcode 0xde, cx8, cmov, fxsr, ht, mmx, 3dnowpref, sse, sse2, sse3, ssse3, sse4.1, sse4.2, popcnt, lzcnt, tsc, tscinvbit, avx, avx2, aes, erms, clmul, bmi1, bmi2, adx, fma, vzeroupper, clflush, clflushopt, hv

Memory: 4k page, system-wide physical 3919M (229M free)
TotalPageFile size 15695M (AvailPageFile size 42M)
current process WorkingSet (physical memory assigned to process): 148M, peak: 148M
current process commit charge ("private bytes"): 186M, peak: 239M

vm_info: Java HotSpot(TM) 64-Bit Server VM (17.0.12+8-LTS-286) for windows-amd64 JRE (17.0.12+8-LTS-286), built on Jun  5 2024 06:46:59 by "mach5one" with MS VC++ 17.6 (VS2022)

END.
